TN:
SF:src/ModuleProxyFactory.sol
FN:21,ModuleProxyFactory.createProxy
FN:33,ModuleProxyFactory.deployModule
FN:44,ModuleProxyFactory.deployAndEnableModuleFromSafe
FNDA:25,ModuleProxyFactory.createProxy
FNDA:25,ModuleProxyFactory.deployModule
FNDA:25,ModuleProxyFactory.deployAndEnableModuleFromSafe
FNF:3
FNH:3
DA:21,25
DA:22,25
DA:23,25
DA:24,25
DA:25,25
DA:28,0
DA:30,25
DA:33,25
DA:37,25
DA:38,25
DA:39,25
DA:41,25
DA:44,25
DA:48,25
DA:52,25
LF:15
LH:14
end_of_record
TN:
SF:src/Strategy.sol
FN:102,Strategy._freeFunds
FN:13,Strategy.constructor
FN:131,Strategy._harvestAndReport
FN:20,Strategy.setUp
FN:74,Strategy._deployFunds
FNDA:1,Strategy._freeFunds
FNDA:7,Strategy.constructor
FNDA:1,Strategy._harvestAndReport
FNDA:7,Strategy.setUp
FNDA:4,Strategy._deployFunds
FNF:5
FNH:5
DA:13,7
DA:14,0
DA:20,7
DA:21,7
DA:23,7
DA:33,7
DA:35,7
DA:36,7
DA:48,7
DA:50,7
DA:51,7
DA:54,7
DA:55,7
DA:56,7
DA:74,4
DA:78,4
DA:102,1
DA:106,1
DA:131,1
DA:139,1
DA:140,1
LF:21
LH:20
end_of_record
TN:
SF:src/aerodrome-strategy/AerodromeManager.sol
FN:105,AerodromeManager.mintNewPosition
FN:156,AerodromeManager.collectAllFees
FN:173,AerodromeManager.removeLiquidity
FN:207,AerodromeManager.swapExactInputSingle
FN:235,AerodromeManager.calculateOptimalTicks
FN:262,AerodromeManager._boundTick
FN:64,AerodromeManager.__AerodromeManager_init
FN:78,AerodromeManager.onERC721Received
FN:90,AerodromeManager._createDeposit
FNDA:8,AerodromeManager.mintNewPosition
FNDA:3,AerodromeManager.collectAllFees
FNDA:3,AerodromeManager.removeLiquidity
FNDA:0,AerodromeManager.swapExactInputSingle
FNDA:8,AerodromeManager.calculateOptimalTicks
FNDA:16,AerodromeManager._boundTick
FNDA:9,AerodromeManager.__AerodromeManager_init
FNDA:0,AerodromeManager.onERC721Received
FNDA:8,AerodromeManager._createDeposit
FNF:9
FNH:7
DA:64,9
DA:68,9
DA:69,9
DA:70,9
DA:71,9
DA:72,9
DA:73,9
DA:78,0
DA:83,0
DA:84,0
DA:86,0
DA:87,0
DA:90,8
DA:91,8
DA:93,8
DA:105,8
DA:110,8
DA:111,8
DA:115,8
DA:131,8
DA:134,8
DA:135,8
DA:138,8
DA:139,0
DA:140,0
DA:141,0
DA:144,8
DA:145,8
DA:146,8
DA:147,8
DA:156,3
DA:157,3
DA:164,3
DA:165,3
DA:173,3
DA:179,3
DA:182,3
DA:183,3
DA:186,3
DA:196,3
DA:198,3
DA:207,0
DA:212,0
DA:215,0
DA:227,0
DA:235,8
DA:240,8
DA:241,8
DA:242,8
DA:243,8
DA:246,8
DA:249,8
DA:252,8
DA:253,8
DA:256,8
DA:257,8
DA:262,16
DA:263,16
DA:264,16
DA:265,0
DA:266,16
DA:267,0
DA:269,0
LF:63
LH:48
end_of_record
TN:
SF:src/aerodrome-strategy/AerodromeStrategy.sol
FN:100,AerodromeStrategy._deployFunds
FN:129,AerodromeStrategy.collectAllAndSwap
FN:183,AerodromeStrategy._freeFunds
FN:232,AerodromeStrategy._harvestAndReport
FN:259,AerodromeStrategy.availableWithdrawLimit
FN:284,AerodromeStrategy.availableDepositLimit
FN:308,AerodromeStrategy._tend
FN:321,AerodromeStrategy._tendTrigger
FN:33,AerodromeStrategy.constructor
FN:346,AerodromeStrategy._emergencyWithdraw
FN:40,AerodromeStrategy.setUp
FNDA:8,AerodromeStrategy._deployFunds
FNDA:3,AerodromeStrategy.collectAllAndSwap
FNDA:3,AerodromeStrategy._freeFunds
FNDA:1,AerodromeStrategy._harvestAndReport
FNDA:1,AerodromeStrategy.availableWithdrawLimit
FNDA:15,AerodromeStrategy.availableDepositLimit
FNDA:1,AerodromeStrategy._tend
FNDA:1,AerodromeStrategy._tendTrigger
FNDA:9,AerodromeStrategy.constructor
FNDA:1,AerodromeStrategy._emergencyWithdraw
FNDA:9,AerodromeStrategy.setUp
FNF:11
FNH:11
DA:33,9
DA:34,0
DA:40,9
DA:41,9
DA:43,9
DA:55,9
DA:60,9
DA:61,0
DA:65,9
DA:66,9
DA:67,9
DA:80,9
DA:81,9
DA:82,9
DA:100,8
DA:102,8
DA:105,8
DA:107,8
DA:108,8
DA:111,8
DA:114,8
DA:115,8
DA:118,8
DA:123,8
DA:129,3
DA:130,3
DA:131,3
DA:132,3
DA:135,3
DA:136,3
DA:137,3
DA:140,3
DA:141,3
DA:142,3
DA:147,3
DA:148,3
DA:150,3
DA:151,0
DA:152,0
DA:153,0
DA:155,0
DA:159,3
DA:183,3
DA:184,3
DA:187,3
DA:188,3
DA:190,3
DA:193,3
DA:194,3
DA:195,3
DA:196,3
DA:201,3
DA:204,3
DA:205,3
DA:206,2
DA:232,1
DA:233,1
DA:234,1
DA:259,1
DA:260,1
DA:284,15
DA:285,15
DA:308,1
DA:309,1
DA:310,1
DA:311,1
DA:321,1
DA:322,1
DA:346,1
DA:347,1
LF:70
LH:64
end_of_record
TN:
SF:src/aerodrome-strategy/aerodrome/core/libraries/TickMath.sol
FN:26,TickMath.getSqrtRatioAtTick
FN:67,TickMath.getTickAtSqrtRatio
FNDA:0,TickMath.getSqrtRatioAtTick
FNDA:0,TickMath.getTickAtSqrtRatio
FNF:2
FNH:0
DA:26,0
DA:28,0
DA:29,0
DA:31,0
DA:32,0
DA:33,0
DA:34,0
DA:35,0
DA:36,0
DA:37,0
DA:38,0
DA:39,0
DA:40,0
DA:41,0
DA:42,0
DA:43,0
DA:44,0
DA:45,0
DA:46,0
DA:47,0
DA:48,0
DA:49,0
DA:50,0
DA:51,0
DA:53,0
DA:58,0
DA:67,0
DA:70,0
DA:71,0
DA:73,0
DA:74,0
DA:77,0
DA:78,0
DA:79,0
DA:82,0
DA:83,0
DA:84,0
DA:87,0
DA:88,0
DA:89,0
DA:92,0
DA:93,0
DA:94,0
DA:97,0
DA:98,0
DA:99,0
DA:102,0
DA:103,0
DA:104,0
DA:107,0
DA:108,0
DA:109,0
DA:112,0
DA:113,0
DA:116,0
DA:117,0
DA:119,0
DA:122,0
DA:123,0
DA:124,0
DA:125,0
DA:128,0
DA:129,0
DA:130,0
DA:131,0
DA:134,0
DA:135,0
DA:136,0
DA:137,0
DA:140,0
DA:141,0
DA:142,0
DA:143,0
DA:146,0
DA:147,0
DA:148,0
DA:149,0
DA:152,0
DA:153,0
DA:154,0
DA:155,0
DA:158,0
DA:159,0
DA:160,0
DA:161,0
DA:164,0
DA:165,0
DA:166,0
DA:167,0
DA:170,0
DA:171,0
DA:172,0
DA:173,0
DA:176,0
DA:177,0
DA:178,0
DA:179,0
DA:182,0
DA:183,0
DA:184,0
DA:185,0
DA:188,0
DA:189,0
DA:190,0
DA:191,0
DA:194,0
DA:195,0
DA:196,0
DA:197,0
DA:200,0
DA:201,0
DA:202,0
DA:205,0
DA:207,0
DA:208,0
DA:210,0
LF:116
LH:0
end_of_record
TN:
SF:src/aerodrome-strategy/aerodrome/core/libraries/TransferHelper.sol
FN:13,TransferHelper.safeTransferFrom
FN:24,TransferHelper.safeTransfer
FN:34,TransferHelper.safeApprove
FN:43,TransferHelper.safeTransferETH
FNDA:0,TransferHelper.safeTransferFrom
FNDA:8,TransferHelper.safeTransfer
FNDA:24,TransferHelper.safeApprove
FNDA:0,TransferHelper.safeTransferETH
FNF:4
FNH:2
DA:13,0
DA:14,0
DA:15,0
DA:16,0
DA:24,8
DA:25,8
DA:26,8
DA:34,24
DA:35,24
DA:36,24
DA:43,0
DA:44,0
DA:45,0
LF:13
LH:6
end_of_record
TN:
SF:src/aerodrome-strategy/aerodrome/periphery/libraries/PoolAddress.sol
FN:21,PoolAddress.getPoolKey
FN:30,PoolAddress.computeAddress
FN:42,PoolAddress.predictDeterministicAddress
FNDA:0,PoolAddress.getPoolKey
FNDA:0,PoolAddress.computeAddress
FNDA:0,PoolAddress.predictDeterministicAddress
FNF:3
FNH:0
DA:21,0
DA:22,0
DA:23,0
DA:30,0
DA:31,0
DA:32,0
DA:42,0
DA:49,0
DA:50,0
DA:51,0
DA:52,0
DA:53,0
DA:54,0
DA:55,0
DA:56,0
LF:15
LH:0
end_of_record
TN:
SF:src/aerodrome-strategy/aerodrome/periphery/libraries/TransferHelper.sol
FN:13,TransferHelper.safeTransferFrom
FN:24,TransferHelper.safeTransfer
FN:34,TransferHelper.safeApprove
FN:43,TransferHelper.safeTransferETH
FNDA:0,TransferHelper.safeTransferFrom
FNDA:0,TransferHelper.safeTransfer
FNDA:0,TransferHelper.safeApprove
FNDA:0,TransferHelper.safeTransferETH
FNF:4
FNH:0
DA:13,0
DA:14,0
DA:15,0
DA:16,0
DA:24,0
DA:25,0
DA:26,0
DA:34,0
DA:35,0
DA:36,0
DA:43,0
DA:44,0
DA:45,0
LF:13
LH:0
end_of_record
TN:
SF:src/liquidity-strategy/LiquidityManager.sol
FN:104,LiquidityManager.mintNewPosition
FN:154,LiquidityManager.collectAllFees
FN:171,LiquidityManager.removeLiquidity
FN:205,LiquidityManager.swapExactInputSingle
FN:232,LiquidityManager.calculateOptimalTicks
FN:261,LiquidityManager._boundTick
FN:64,LiquidityManager.__LiquidityManager_init
FN:77,LiquidityManager.onERC721Received
FN:89,LiquidityManager._createDeposit
FNDA:8,LiquidityManager.mintNewPosition
FNDA:3,LiquidityManager.collectAllFees
FNDA:3,LiquidityManager.removeLiquidity
FNDA:0,LiquidityManager.swapExactInputSingle
FNDA:8,LiquidityManager.calculateOptimalTicks
FNDA:16,LiquidityManager._boundTick
FNDA:9,LiquidityManager.__LiquidityManager_init
FNDA:0,LiquidityManager.onERC721Received
FNDA:8,LiquidityManager._createDeposit
FNF:9
FNH:7
DA:64,9
DA:68,9
DA:69,9
DA:70,9
DA:71,9
DA:72,9
DA:77,0
DA:82,0
DA:83,0
DA:85,0
DA:86,0
DA:89,8
DA:90,8
DA:92,8
DA:104,8
DA:109,8
DA:110,8
DA:114,8
DA:129,8
DA:132,8
DA:133,8
DA:136,8
DA:137,0
DA:138,0
DA:139,0
DA:142,8
DA:143,0
DA:144,0
DA:145,0
DA:154,3
DA:155,3
DA:162,3
DA:163,3
DA:171,3
DA:177,3
DA:180,3
DA:181,3
DA:184,3
DA:194,3
DA:196,3
DA:205,0
DA:210,0
DA:213,0
DA:224,0
DA:232,8
DA:237,8
DA:238,8
DA:239,8
DA:240,8
DA:243,8
DA:244,8
DA:247,8
DA:250,8
DA:251,8
DA:254,8
DA:255,8
DA:261,16
DA:262,16
DA:263,16
DA:264,0
DA:265,16
DA:266,0
DA:268,0
LF:63
LH:45
end_of_record
TN:
SF:src/liquidity-strategy/LiquidityStrategy.sol
FN:100,LiquidityStrategy._deployFunds
FN:129,LiquidityStrategy.collectAllAndSwap
FN:183,LiquidityStrategy._freeFunds
FN:232,LiquidityStrategy._harvestAndReport
FN:259,LiquidityStrategy.availableWithdrawLimit
FN:284,LiquidityStrategy.availableDepositLimit
FN:308,LiquidityStrategy._tend
FN:321,LiquidityStrategy._tendTrigger
FN:33,LiquidityStrategy.constructor
FN:346,LiquidityStrategy._emergencyWithdraw
FN:40,LiquidityStrategy.setUp
FNDA:8,LiquidityStrategy._deployFunds
FNDA:3,LiquidityStrategy.collectAllAndSwap
FNDA:3,LiquidityStrategy._freeFunds
FNDA:1,LiquidityStrategy._harvestAndReport
FNDA:1,LiquidityStrategy.availableWithdrawLimit
FNDA:15,LiquidityStrategy.availableDepositLimit
FNDA:1,LiquidityStrategy._tend
FNDA:1,LiquidityStrategy._tendTrigger
FNDA:9,LiquidityStrategy.constructor
FNDA:1,LiquidityStrategy._emergencyWithdraw
FNDA:9,LiquidityStrategy.setUp
FNF:11
FNH:11
DA:33,9
DA:34,0
DA:40,9
DA:41,9
DA:43,9
DA:55,9
DA:60,9
DA:61,0
DA:65,9
DA:66,9
DA:67,9
DA:80,9
DA:81,9
DA:82,9
DA:100,8
DA:102,8
DA:105,8
DA:107,8
DA:108,8
DA:111,8
DA:114,8
DA:115,8
DA:118,8
DA:123,8
DA:129,3
DA:130,3
DA:131,3
DA:132,3
DA:135,3
DA:136,3
DA:137,3
DA:140,3
DA:141,3
DA:142,3
DA:147,3
DA:148,3
DA:150,3
DA:151,0
DA:152,0
DA:153,0
DA:155,0
DA:159,3
DA:183,3
DA:184,3
DA:187,3
DA:188,3
DA:190,3
DA:193,3
DA:194,3
DA:195,3
DA:196,3
DA:201,3
DA:204,3
DA:205,3
DA:206,2
DA:232,1
DA:233,1
DA:234,1
DA:259,1
DA:260,1
DA:284,15
DA:285,15
DA:308,1
DA:309,1
DA:310,1
DA:311,1
DA:321,1
DA:322,1
DA:346,1
DA:347,1
LF:70
LH:64
end_of_record
