TN:
SF:src/ModuleProxyFactory.sol
FN:21,ModuleProxyFactory.createProxy
FN:33,ModuleProxyFactory.deployModule
FN:44,ModuleProxyFactory.deployAndEnableModuleFromSafe
FNDA:18,ModuleProxyFactory.createProxy
FNDA:18,ModuleProxyFactory.deployModule
FNDA:18,ModuleProxyFactory.deployAndEnableModuleFromSafe
FNF:3
FNH:3
DA:21,18
DA:22,18
DA:23,18
DA:24,18
DA:25,18
DA:28,0
DA:30,18
DA:33,18
DA:37,18
DA:38,18
DA:39,18
DA:41,18
DA:44,18
DA:48,18
DA:52,18
LF:15
LH:14
end_of_record
TN:
SF:src/Strategy.sol
FN:10,Strategy.constructor
FN:126,Strategy._harvestAndReport
FN:159,Strategy.availableWithdrawLimit
FN:17,Strategy.setUp
FN:193,Strategy.availableDepositLimit
FN:223,Strategy._tend
FN:231,Strategy._tendTrigger
FN:256,Strategy._emergencyWithdraw
FN:71,Strategy._deployFunds
FN:98,Strategy._freeFunds
FNDA:10,Strategy.constructor
FNDA:0,Strategy._harvestAndReport
FNDA:0,Strategy.availableWithdrawLimit
FNDA:10,Strategy.setUp
FNDA:0,Strategy.availableDepositLimit
FNDA:0,Strategy._tend
FNDA:0,Strategy._tendTrigger
FNDA:0,Strategy._emergencyWithdraw
FNDA:0,Strategy._deployFunds
FNDA:0,Strategy._freeFunds
FNF:10
FNH:2
DA:10,10
DA:11,0
DA:17,10
DA:18,10
DA:20,10
DA:30,10
DA:32,10
DA:33,10
DA:45,10
DA:47,10
DA:48,10
DA:51,10
DA:52,10
DA:53,10
DA:71,0
DA:98,0
DA:126,0
DA:134,0
DA:159,0
DA:169,0
DA:193,0
DA:199,0
DA:223,0
DA:231,0
DA:232,0
DA:256,0
LF:26
LH:13
end_of_record
TN:
SF:src/liquidity-strategy/LiquidityManager.sol
FN:104,LiquidityManager.mintNewPosition
FN:154,LiquidityManager.collectAllFees
FN:171,LiquidityManager.removeLiquidity
FN:205,LiquidityManager.swapExactInputSingle
FN:232,LiquidityManager.calculateOptimalTicks
FN:261,LiquidityManager._boundTick
FN:64,LiquidityManager.__LiquidityManager_init
FN:77,LiquidityManager.onERC721Received
FN:89,LiquidityManager._createDeposit
FNDA:8,LiquidityManager.mintNewPosition
FNDA:3,LiquidityManager.collectAllFees
FNDA:3,LiquidityManager.removeLiquidity
FNDA:0,LiquidityManager.swapExactInputSingle
FNDA:8,LiquidityManager.calculateOptimalTicks
FNDA:16,LiquidityManager._boundTick
FNDA:8,LiquidityManager.__LiquidityManager_init
FNDA:0,LiquidityManager.onERC721Received
FNDA:8,LiquidityManager._createDeposit
FNF:9
FNH:7
DA:64,8
DA:68,8
DA:69,8
DA:70,8
DA:71,8
DA:72,8
DA:77,0
DA:82,0
DA:83,0
DA:85,0
DA:86,0
DA:89,8
DA:90,8
DA:92,8
DA:104,8
DA:109,8
DA:110,8
DA:114,8
DA:129,8
DA:132,8
DA:133,8
DA:136,8
DA:137,0
DA:138,0
DA:139,0
DA:142,8
DA:143,0
DA:144,0
DA:145,0
DA:154,3
DA:155,3
DA:162,3
DA:163,3
DA:171,3
DA:177,3
DA:180,3
DA:181,3
DA:184,3
DA:194,3
DA:196,3
DA:205,0
DA:210,0
DA:213,0
DA:224,0
DA:232,8
DA:237,8
DA:238,8
DA:239,8
DA:240,8
DA:243,8
DA:244,8
DA:247,8
DA:250,8
DA:251,8
DA:254,8
DA:255,8
DA:261,16
DA:262,16
DA:263,16
DA:264,0
DA:265,16
DA:266,0
DA:268,0
LF:63
LH:45
end_of_record
TN:
SF:src/liquidity-strategy/LiquidityStrategy.sol
FN:100,LiquidityStrategy._deployFunds
FN:144,LiquidityStrategy.collectAllAndSwap
FN:198,LiquidityStrategy._freeFunds
FN:247,LiquidityStrategy._harvestAndReport
FN:274,LiquidityStrategy.availableWithdrawLimit
FN:299,LiquidityStrategy.availableDepositLimit
FN:323,LiquidityStrategy._tend
FN:33,LiquidityStrategy.constructor
FN:333,LiquidityStrategy._tendTrigger
FN:358,LiquidityStrategy._emergencyWithdraw
FN:40,LiquidityStrategy.setUp
FNDA:8,LiquidityStrategy._deployFunds
FNDA:3,LiquidityStrategy.collectAllAndSwap
FNDA:3,LiquidityStrategy._freeFunds
FNDA:1,LiquidityStrategy._harvestAndReport
FNDA:1,LiquidityStrategy.availableWithdrawLimit
FNDA:10,LiquidityStrategy.availableDepositLimit
FNDA:1,LiquidityStrategy._tend
FNDA:8,LiquidityStrategy.constructor
FNDA:0,LiquidityStrategy._tendTrigger
FNDA:1,LiquidityStrategy._emergencyWithdraw
FNDA:8,LiquidityStrategy.setUp
FNF:11
FNH:10
DA:33,8
DA:34,0
DA:40,8
DA:41,8
DA:43,8
DA:55,8
DA:60,8
DA:61,0
DA:65,8
DA:66,8
DA:67,8
DA:80,8
DA:81,8
DA:82,8
DA:100,8
DA:102,8
DA:105,8
DA:122,8
DA:123,8
DA:126,8
DA:129,8
DA:130,8
DA:133,8
DA:138,8
DA:144,3
DA:145,3
DA:146,3
DA:147,3
DA:150,3
DA:151,3
DA:152,3
DA:155,3
DA:156,3
DA:157,3
DA:162,3
DA:163,3
DA:165,3
DA:166,0
DA:167,0
DA:168,0
DA:170,0
DA:174,3
DA:198,3
DA:199,3
DA:202,3
DA:203,3
DA:205,3
DA:208,3
DA:209,3
DA:210,3
DA:211,3
DA:216,3
DA:219,3
DA:220,3
DA:221,2
DA:247,1
DA:248,1
DA:249,1
DA:274,1
DA:275,1
DA:299,10
DA:300,10
DA:323,1
DA:324,1
DA:333,0
DA:334,0
DA:358,1
DA:359,1
LF:68
LH:60
end_of_record
